0 info it worked if it ends with ok
1 verbose cli [
1 verbose cli   'C:\\Program Files\\nodejs\\node.exe',
1 verbose cli   'C:\\Users\\desuu\\node_modules\\npm\\bin\\npm-cli.js',
1 verbose cli   'run',
1 verbose cli   'dev'
1 verbose cli ]
2 info using npm@2.15.12
3 info using node@v21.6.1
4 verbose run-script [ 'predev', 'dev', 'postdev' ]
5 info predev portfolio@0.1.0
6 info dev portfolio@0.1.0
7 verbose unsafe-perm in lifecycle true
8 info portfolio@0.1.0 Failed to exec dev script
9 verbose stack Error: portfolio@0.1.0 dev: `npm run dev`
9 verbose stack Exit status 1
9 verbose stack     at EventEmitter.<anonymous> (C:\Users\desuu\node_modules\npm\lib\utils\lifecycle.js:217:16)
9 verbose stack     at EventEmitter.emit (node:events:519:28)
9 verbose stack     at ChildProcess.<anonymous> (C:\Users\desuu\node_modules\npm\lib\utils\spawn.js:24:14)
9 verbose stack     at ChildProcess.emit (node:events:519:28)
9 verbose stack     at maybeClose (node:internal/child_process:1105:16)
9 verbose stack     at ChildProcess._handle.onexit (node:internal/child_process:305:5)
10 verbose pkgid portfolio@0.1.0
11 verbose cwd C:\Users\desuu\Desktop\react-js-personal-portfolio-main
12 error Windows_NT 10.0.22631
13 error argv "C:\\Program Files\\nodejs\\node.exe" "C:\\Users\\desuu\\node_modules\\npm\\bin\\npm-cli.js" "run" "dev"
14 error node v21.6.1
15 error npm  v2.15.12
16 error code ELIFECYCLE
17 error portfolio@0.1.0 dev: `npm run dev`
17 error Exit status 1
18 error Failed at the portfolio@0.1.0 dev script 'npm run dev'.
18 error This is most likely a problem with the portfolio package,
18 error not with npm itself.
18 error Tell the author that this fails on your system:
18 error     npm run dev
18 error You can get information on how to open an issue for this project with:
18 error     npm bugs portfolio
18 error Or if that isn't available, you can get their info via:
18 error
18 error     npm owner ls portfolio
18 error There is likely additional logging output above.
19 verbose exit [ 1, true ]
